<?xml version="1.0" encoding="UTF-8"?>
<coverage generated="1636728681894" clover="3.2.0">
  <project timestamp="1636728681894" name="All files">
    <metrics statements="17" coveredstatements="11" conditionals="0" coveredconditionals="0" methods="6" coveredmethods="2" elements="23" coveredelements="13" complexity="0" loc="17" ncloc="17" packages="2" files="2" classes="2"/>
    <package name="build.utils">
      <metrics statements="10" coveredstatements="7" conditionals="0" coveredconditionals="0" methods="3" coveredmethods="1"/>
      <file name="for_testing.js" path="/Users/mickeylock/Documents/MICHAEL-LOCK-WEBSITE-REACT-NODE-EXPRESS/build/utils/for_testing.js">
        <metrics statements="10" coveredstatements="7" conditionals="0" coveredconditionals="0" methods="3" coveredmethods="1"/>
        <line num="2" count="1" type="stmt"/>
        <line num="3" count="1" type="stmt"/>
        <line num="4" count="1" type="stmt"/>
        <line num="5" count="3" type="stmt"/>
        <line num="7" count="1" type="stmt"/>
        <line num="8" count="1" type="stmt"/>
        <line num="9" count="0" type="stmt"/>
        <line num="10" count="0" type="stmt"/>
        <line num="12" count="0" type="stmt"/>
        <line num="14" count="1" type="stmt"/>
      </file>
    </package>
    <package name="src.utils">
      <metrics statements="7" coveredstatements="4" conditionals="0" coveredconditionals="0" methods="3" coveredmethods="1"/>
      <file name="for_testing.ts" path="/Users/mickeylock/Documents/MICHAEL-LOCK-WEBSITE-REACT-NODE-EXPRESS/src/utils/for_testing.ts">
        <metrics statements="7" coveredstatements="4" conditionals="0" coveredconditionals="0" methods="3" coveredmethods="1"/>
        <line num="1" count="1" type="stmt"/>
        <line num="2" count="3" type="stmt"/>
        <line num="5" count="1" type="stmt"/>
        <line num="6" count="0" type="stmt"/>
        <line num="7" count="0" type="stmt"/>
        <line num="10" count="0" type="stmt"/>
        <line num="13" count="1" type="stmt"/>
      </file>
    </package>
  </project>
</coverage>
