{"/Users/mickeylock/Documents/MICHAEL-LOCK-WEBSITE-REACT-NODE-EXPRESS/src/utils/for_testing.ts": {"path":"/Users/mickeylock/Documents/MICHAEL-LOCK-WEBSITE-REACT-NODE-EXPRESS/src/utils/for_testing.ts","statementMap":{"0":{"start":{"line":1,"column":19},"end":{"line":3,"column":1}},"1":{"start":{"line":2,"column":2},"end":{"line":2,"column":45}},"2":{"start":{"line":13,"column":9},"end":{"line":13,"column":19}},"3":{"start":{"line":5,"column":16},"end":{"line":11,"column":1}},"4":{"start":{"line":6,"column":18},"end":{"line":8,"column":3}},"5":{"start":{"line":7,"column":4},"end":{"line":7,"column":22}},"6":{"start":{"line":10,"column":2},"end":{"line":10,"column":49}},"7":{"start":{"line":13,"column":21},"end":{"line":13,"column":28}}},"fnMap":{"0":{"name":"(anonymous_0)","decl":{"start":{"line":1,"column":19},"end":{"line":1,"column":20}},"loc":{"start":{"line":1,"column":34},"end":{"line":3,"column":1}}},"1":{"name":"(anonymous_1)","decl":{"start":{"line":5,"column":16},"end":{"line":5,"column":17}},"loc":{"start":{"line":5,"column":32},"end":{"line":11,"column":1}}},"2":{"name":"(anonymous_2)","decl":{"start":{"line":6,"column":18},"end":{"line":6,"column":19}},"loc":{"start":{"line":6,"column":44},"end":{"line":8,"column":3}}}},"branchMap":{},"s":{"0":1,"1":3,"2":1,"3":1,"4":0,"5":0,"6":0,"7":1},"f":{"0":3,"1":0,"2":0},"b":{}}
}
