{"/Users/mickeylock/Documents/MICHAEL-LOCK-WEBSITE-REACT-NODE-EXPRESS/build/utils/for_testing.js": {"path":"/Users/mickeylock/Documents/MICHAEL-LOCK-WEBSITE-REACT-NODE-EXPRESS/build/utils/for_testing.js","statementMap":{"0":{"start":{"line":2,"column":0},"end":{"line":2,"column":62}},"1":{"start":{"line":3,"column":0},"end":{"line":3,"column":46}},"2":{"start":{"line":4,"column":17},"end":{"line":6,"column":1}},"3":{"start":{"line":5,"column":4},"end":{"line":5,"column":47}},"4":{"start":{"line":7,"column":0},"end":{"line":7,"column":32}},"5":{"start":{"line":8,"column":14},"end":{"line":13,"column":1}},"6":{"start":{"line":9,"column":18},"end":{"line":11,"column":5}},"7":{"start":{"line":10,"column":8},"end":{"line":10,"column":26}},"8":{"start":{"line":12,"column":4},"end":{"line":12,"column":51}},"9":{"start":{"line":14,"column":0},"end":{"line":14,"column":26}}},"fnMap":{"0":{"name":"(anonymous_0)","decl":{"start":{"line":4,"column":17},"end":{"line":4,"column":18}},"loc":{"start":{"line":4,"column":35},"end":{"line":6,"column":1}},"line":4},"1":{"name":"(anonymous_1)","decl":{"start":{"line":8,"column":14},"end":{"line":8,"column":15}},"loc":{"start":{"line":8,"column":31},"end":{"line":13,"column":1}},"line":8},"2":{"name":"(anonymous_2)","decl":{"start":{"line":9,"column":18},"end":{"line":9,"column":19}},"loc":{"start":{"line":9,"column":39},"end":{"line":11,"column":5}},"line":9}},"branchMap":{},"s":{"0":1,"1":1,"2":1,"3":3,"4":1,"5":1,"6":0,"7":0,"8":0,"9":1},"f":{"0":3,"1":0,"2":0},"b":{},"inputSourceMap":null,"_coverageSchema":"1a1c01bbd47fc00a2c39e90264f33305004495a9","hash":"0adc0a7252f30194e786c49550483b07a116cdc2"}
,"/Users/mickeylock/Documents/MICHAEL-LOCK-WEBSITE-REACT-NODE-EXPRESS/src/utils/for_testing.ts": {"path":"/Users/mickeylock/Documents/MICHAEL-LOCK-WEBSITE-REACT-NODE-EXPRESS/src/utils/for_testing.ts","statementMap":{"0":{"start":{"line":1,"column":19},"end":{"line":3,"column":1}},"1":{"start":{"line":2,"column":2},"end":{"line":2,"column":45}},"2":{"start":{"line":13,"column":9},"end":{"line":13,"column":19}},"3":{"start":{"line":5,"column":16},"end":{"line":11,"column":1}},"4":{"start":{"line":6,"column":18},"end":{"line":8,"column":3}},"5":{"start":{"line":7,"column":4},"end":{"line":7,"column":22}},"6":{"start":{"line":10,"column":2},"end":{"line":10,"column":49}},"7":{"start":{"line":13,"column":21},"end":{"line":13,"column":28}}},"fnMap":{"0":{"name":"(anonymous_0)","decl":{"start":{"line":1,"column":19},"end":{"line":1,"column":20}},"loc":{"start":{"line":1,"column":34},"end":{"line":3,"column":1}}},"1":{"name":"(anonymous_1)","decl":{"start":{"line":5,"column":16},"end":{"line":5,"column":17}},"loc":{"start":{"line":5,"column":32},"end":{"line":11,"column":1}}},"2":{"name":"(anonymous_2)","decl":{"start":{"line":6,"column":18},"end":{"line":6,"column":19}},"loc":{"start":{"line":6,"column":44},"end":{"line":8,"column":3}}}},"branchMap":{},"s":{"0":1,"1":3,"2":1,"3":1,"4":0,"5":0,"6":0,"7":1},"f":{"0":3,"1":0,"2":0},"b":{}}
}
