TN:
SF:build/utils/for_testing.js
FN:4,(anonymous_0)
FN:8,(anonymous_1)
FN:9,(anonymous_2)
FNF:3
FNH:1
FNDA:3,(anonymous_0)
FNDA:0,(anonymous_1)
FNDA:0,(anonymous_2)
DA:2,1
DA:3,1
DA:4,1
DA:5,3
DA:7,1
DA:8,1
DA:9,0
DA:10,0
DA:12,0
DA:14,1
LF:10
LH:7
BRF:0
BRH:0
end_of_record
TN:
SF:src/utils/for_testing.ts
FN:1,(anonymous_0)
FN:5,(anonymous_1)
FN:6,(anonymous_2)
FNF:3
FNH:1
FNDA:3,(anonymous_0)
FNDA:0,(anonymous_1)
FNDA:0,(anonymous_2)
DA:1,1
DA:2,3
DA:5,1
DA:6,0
DA:7,0
DA:10,0
DA:13,1
LF:7
LH:4
BRF:0
BRH:0
end_of_record
